<?xml version="1.0" encoding="UTF-8"?>
<testng-results ignored="0" total="1" passed="1" failed="0" skipped="0">
  <reporter-output>
  </reporter-output>
  <suite started-at="2019-06-26T12:03:52Z" name="Suite" finished-at="2019-06-26T12:04:19Z" duration-ms="27239">
    <groups>
    </groups>
    <test started-at="2019-06-26T12:03:52Z" name="Test" finished-at="2019-06-26T12:04:19Z" duration-ms="27239">
      <class name="testPages.mamacitaTest">
        <test-method is-config="true" signature="setup()[pri:0, instance:testPages.mamacitaTest@1d76aeea]" started-at="2019-06-26T12:03:52Z" name="setup" finished-at="2019-06-26T12:03:52Z" duration-ms="7" status="PASS">
          <reporter-output>
          </reporter-output>
        </test-method> <!-- setup -->
        <test-method signature="clickMamacitaTest(java.lang.String)[pri:0, instance:testPages.mamacitaTest@1d76aeea]" started-at="2019-06-26T12:03:52Z" name="clickMamacitaTest" finished-at="2019-06-26T12:04:19Z" duration-ms="27181" status="PASS">
          <params>
            <param index="0">
              <value>
                <![CDATA[chrome]]>
              </value>
            </param>
          </params>
          <reporter-output>
          </reporter-output>
        </test-method> <!-- clickMamacitaTest -->
        <test-method is-config="true" signature="quit()[pri:0, instance:testPages.mamacitaTest@1d76aeea]" started-at="2019-06-26T12:04:19Z" name="quit" finished-at="2019-06-26T12:04:19Z" duration-ms="1" status="PASS">
          <reporter-output>
          </reporter-output>
        </test-method> <!-- quit -->
      </class> <!-- testPages.mamacitaTest -->
    </test> <!-- Test -->
  </suite> <!-- Suite -->
</testng-results>
